2015/03/25 16:53:05 [error] [exception.CHttpException.404] exception 'CHttpException' with message 'Unable to resolve the request "gii/controller/index".' in /home/st3rax/web/yii/framework/web/CWebApplication.php:286
Stack trace:
#0 /home/st3rax/web/yii/framework/web/CWebApplication.php(141): CWebApplication->runController('gii/controller/...')
#1 /home/st3rax/web/yii/framework/base/CApplication.php(184): CWebApplication->processRequest()
#2 /home/st3rax/web/grace/index.php(13): CApplication->run()
#3 {main}
REQUEST_URI=/index.php?r=gii/controller/index
HTTP_REFERER=http://192.168.100.51/index.php?r=gii/controller/index
---
2015/03/25 17:02:18 [error] [exception.CHttpException.404] exception 'CHttpException' with message 'Unable to resolve the request "gii/controller/index".' in /home/st3rax/web/yii/framework/web/CWebApplication.php:286
Stack trace:
#0 /home/st3rax/web/yii/framework/web/CWebApplication.php(141): CWebApplication->runController('gii/controller/...')
#1 /home/st3rax/web/yii/framework/base/CApplication.php(184): CWebApplication->processRequest()
#2 /home/st3rax/web/grace/index.php(13): CApplication->run()
#3 {main}
REQUEST_URI=/index.php?r=gii/controller/index
HTTP_REFERER=http://192.168.100.51/index.php?r=gii/controller/index
---
2015/03/25 17:21:41 [error] [exception.CHttpException.404] exception 'CHttpException' with message 'Unable to resolve the request "index".' in /home/st3rax/web/yii/framework/web/CWebApplication.php:286
Stack trace:
#0 /home/st3rax/web/yii/framework/web/CWebApplication.php(141): CWebApplication->runController('index')
#1 /home/st3rax/web/yii/framework/base/CApplication.php(184): CWebApplication->processRequest()
#2 /home/st3rax/web/grace/index.php(13): CApplication->run()
#3 {main}
REQUEST_URI=/index.php?r=index
---
2015/03/25 17:22:28 [error] [exception.CHttpException.404] exception 'CHttpException' with message 'Unable to resolve the request "index".' in /home/st3rax/web/yii/framework/web/CWebApplication.php:286
Stack trace:
#0 /home/st3rax/web/yii/framework/web/CWebApplication.php(141): CWebApplication->runController('index')
#1 /home/st3rax/web/yii/framework/base/CApplication.php(184): CWebApplication->processRequest()
#2 /home/st3rax/web/grace/index.php(13): CApplication->run()
#3 {main}
REQUEST_URI=/index.php?r=index
---
2015/03/25 17:23:04 [error] [exception.CHttpException.404] exception 'CHttpException' with message 'Unable to resolve the request "index".' in /home/st3rax/web/yii/framework/web/CWebApplication.php:286
Stack trace:
#0 /home/st3rax/web/yii/framework/web/CWebApplication.php(141): CWebApplication->runController('index')
#1 /home/st3rax/web/yii/framework/base/CApplication.php(184): CWebApplication->processRequest()
#2 /home/st3rax/web/grace/index.php(13): CApplication->run()
#3 {main}
REQUEST_URI=/index.php?r=index
---
2015/03/25 17:23:26 [error] [exception.CHttpException.404] exception 'CHttpException' with message 'Unable to resolve the request "index".' in /home/st3rax/web/yii/framework/web/CWebApplication.php:286
Stack trace:
#0 /home/st3rax/web/yii/framework/web/CWebApplication.php(141): CWebApplication->runController('index')
#1 /home/st3rax/web/yii/framework/base/CApplication.php(184): CWebApplication->processRequest()
#2 /home/st3rax/web/grace/index.php(13): CApplication->run()
#3 {main}
REQUEST_URI=/index.php?r=index
---
2015/03/25 17:23:55 [error] [exception.CHttpException.404] exception 'CHttpException' with message 'Unable to resolve the request "index".' in /home/st3rax/web/yii/framework/web/CWebApplication.php:286
Stack trace:
#0 /home/st3rax/web/yii/framework/web/CWebApplication.php(141): CWebApplication->runController('index')
#1 /home/st3rax/web/yii/framework/base/CApplication.php(184): CWebApplication->processRequest()
#2 /home/st3rax/web/grace/index.php(13): CApplication->run()
#3 {main}
REQUEST_URI=/index.php?r=index
---
2015/03/25 17:24:09 [error] [exception.CHttpException.404] exception 'CHttpException' with message 'Unable to resolve the request "index".' in /home/st3rax/web/yii/framework/web/CWebApplication.php:286
Stack trace:
#0 /home/st3rax/web/yii/framework/web/CWebApplication.php(141): CWebApplication->runController('index')
#1 /home/st3rax/web/yii/framework/base/CApplication.php(184): CWebApplication->processRequest()
#2 /home/st3rax/web/grace/index.php(13): CApplication->run()
#3 {main}
REQUEST_URI=/index.php?r=index
---
2015/03/25 17:24:19 [error] [exception.CHttpException.404] exception 'CHttpException' with message 'Unable to resolve the request "index".' in /home/st3rax/web/yii/framework/web/CWebApplication.php:286
Stack trace:
#0 /home/st3rax/web/yii/framework/web/CWebApplication.php(141): CWebApplication->runController('index')
#1 /home/st3rax/web/yii/framework/base/CApplication.php(184): CWebApplication->processRequest()
#2 /home/st3rax/web/grace/index.php(13): CApplication->run()
#3 {main}
REQUEST_URI=/index.php?r=index
---
2015/03/25 17:24:28 [error] [exception.CHttpException.404] exception 'CHttpException' with message 'Unable to resolve the request "index".' in /home/st3rax/web/yii/framework/web/CWebApplication.php:286
Stack trace:
#0 /home/st3rax/web/yii/framework/web/CWebApplication.php(141): CWebApplication->runController('index')
#1 /home/st3rax/web/yii/framework/base/CApplication.php(184): CWebApplication->processRequest()
#2 /home/st3rax/web/grace/index.php(13): CApplication->run()
#3 {main}
REQUEST_URI=/index.php?r=index
---
2015/03/25 17:24:50 [error] [exception.CHttpException.404] exception 'CHttpException' with message 'Unable to resolve the request "index".' in /home/st3rax/web/yii/framework/web/CWebApplication.php:286
Stack trace:
#0 /home/st3rax/web/yii/framework/web/CWebApplication.php(141): CWebApplication->runController('index')
#1 /home/st3rax/web/yii/framework/base/CApplication.php(184): CWebApplication->processRequest()
#2 /home/st3rax/web/grace/index.php(13): CApplication->run()
#3 {main}
REQUEST_URI=/index.php?r=index
---
2015/03/25 17:56:16 [error] [exception.CHttpException.404] exception 'CHttpException' with message 'Unable to resolve the request "index".' in /home/st3rax/web/yii/framework/web/CWebApplication.php:286
Stack trace:
#0 /home/st3rax/web/yii/framework/web/CWebApplication.php(141): CWebApplication->runController('index')
#1 /home/st3rax/web/yii/framework/base/CApplication.php(184): CWebApplication->processRequest()
#2 /home/st3rax/web/grace/index.php(13): CApplication->run()
#3 {main}
REQUEST_URI=/index.php?r=index
---
2015/03/25 18:29:07 [error] [exception.CHttpException.404] exception 'CHttpException' with message 'Unable to resolve the request "index".' in /home/st3rax/web/yii/framework/web/CWebApplication.php:286
Stack trace:
#0 /home/st3rax/web/yii/framework/web/CWebApplication.php(141): CWebApplication->runController('index')
#1 /home/st3rax/web/yii/framework/base/CApplication.php(184): CWebApplication->processRequest()
#2 /home/st3rax/web/grace/index.php(13): CApplication->run()
#3 {main}
REQUEST_URI=/index.php?r=index
---
